
A T O M   T Y P E S

IDX	TYPE	RING
1	C_3	NO
2	C_2	NO
3	O_2	NO
4	C_3	NO
5	C_3	NO
6	C_R	AR
7	C_R	AR
8	C_R	AR
9	C_R	AR
10	C_R	AR
11	C_R	AR
12	C_R	AR
13	C_R	AR
14	O_2	NO
15	C_R	AR
16	C_R	AR
17	O_R	AR
18	C_R	AR
19	O_2	NO
20	C_R	AR
21	C_R	AR
22	C_R	AR
23	C_R	AR
24	H_	NO
25	H_	NO
26	H_	NO
27	H_	NO
28	H_	NO
29	H_	NO
30	H_	NO
31	H_	NO
32	H_	NO
33	H_	NO
34	H_	NO
35	H_	NO
36	H_	NO
37	H_	NO
38	H_	NO
39	H_	NO

S E T T I N G   U P   C A L C U L A T I O N S

SETTING UP BOND CALCULATIONS...
SETTING UP ANGLE CALCULATIONS...
SETTING UP TORSION CALCULATIONS...
SETTING UP OOP CALCULATIONS...
SETTING UP VAN DER WAALS CALCULATIONS...

S T E E P E S T   D E S C E N T

STEPS = 10000

STEP n       E(n)         E(n-1)    
------------------------------------
    0    1712.892      ----
   10    1543.21773    1546.64555
   20    1510.61715    1515.07036
   30    1298.28901    1315.55327
   40    1259.81680    1263.21030
   50    1205.87650    1214.53821
   60    1065.87291    1086.04504
   70    996.85719    998.16406
   80    983.30720    984.86166
   90    963.90318    966.57410
  100    908.87510    922.01234
  110    677.51636    678.75307
  120    667.14588    668.13430
  130    657.46723    658.47385
  140    646.87528    648.04540
  150    633.57682    635.15188
  160    613.68779    616.28520
  170    574.55786    580.56478
  180    517.95741    518.48844
  190    512.69906    513.23629
  200    507.27257    507.83602
  210    501.46787    502.08069
  220    495.02404    495.71646
  230    487.58151    488.39692
  240    478.60106    479.60684
  250    467.22778    468.51741
  260    452.81020    454.44308
  270    434.07911    436.25468
  280    421.74848    422.19686
  290    417.16962    417.64485
  300    412.26991    412.78264
  310    406.93186    407.49527
  320    401.00667    401.63775
  330    394.29940    395.02072
  340    386.54730    387.38971
  350    377.38530    378.39234
  360    366.29779    367.53117
  370    353.50741    354.84634
  380    340.62555    341.36111
  390    337.30907    337.60114
  400    334.36208    334.66258
  410    331.32029    331.63134
  420    328.16173    328.48565
  430    324.86232    325.20165
  440    321.39533    321.75293
  450    317.73089    318.10996
  460    313.83541    314.23955
  470    309.67109    310.10437
  480    305.19550    305.66249
  490    300.36154    300.86731
  500    295.11776    295.66783
  510    289.40831    290.00873
  520    283.17662    283.83317
  530    279.28802    279.39960
  540    278.18095    278.29175
  550    277.08003    277.19034
  560    275.98281    276.09286
  570    274.88690    274.99693
  580    273.78995    273.90020
  590    272.68959    272.80029
  600    271.58346    271.69486
  610    270.46916    270.58151
  620    269.34426    269.45779
  630    268.20622    268.32121
  640    267.05246    267.16917
  650    265.88026    265.99896
  660    264.68678    264.80777
  670    263.46901    263.59261
  680    262.22377    262.35031
  690    260.94767    261.07750
  700    259.63708    259.77059
  710    258.28810    258.42571
  720    256.89651    257.03866
  730    255.45776    255.60495
  740    253.96696    254.11965
  750    252.79597    252.83762
  760    252.40466    252.44364
  770    252.01698    252.05577
  780    251.63107    251.66969
  790    251.24658    251.28508
  800    250.86320    250.90160
  810    250.48062    250.51895
  820    250.09852    250.13682
  830    249.71661    249.75491
  840    249.33461    249.37293
  850    248.95223    248.99060
  860    248.56919    248.60765
  870    248.18524    248.22380
  880    247.80011    247.83881
  890    247.41356    247.45241
  900    247.02533    247.06436
  910    246.63521    246.67444
  920    246.24295    246.28241
  930    245.84837    245.88807
  940    245.45124    245.49122
  950    245.05141    245.09167
  960    244.64871    244.68927
  970    244.24299    244.28386
  980    243.83416    243.87536
  990    243.42214    243.46366
 1000    243.00699    243.04874
 1010    242.68803    242.70358
 1020    242.54146    242.55600
 1030    242.39721    242.41159
 1040    242.25444    242.26868
 1050    242.11316    242.12724
 1060    241.97333    241.98727
 1070    241.83496    241.84875
 1080    241.69803    241.71168
 1090    241.56253    241.57604
 1100    241.42847    241.44183
 1110    241.29584    241.30906
 1120    241.16464    241.17771
 1130    241.03487    241.04780
 1140    240.90655    240.91933
 1150    240.77967    240.79231
 1160    240.65426    240.66675
 1170    240.53032    240.54267
 1180    240.40788    240.42007
 1190    240.28694    240.29899
 1200    240.16754    240.17943
 1210    240.04969    240.06142
 1220    239.93341    239.94499
 1230    239.81875    239.83016
 1240    239.70572    239.71696
 1250    239.59435    239.60543
 1260    239.48469    239.49560
 1270    239.37676    239.38749
 1280    239.27061    239.28116
 1290    239.16627    239.17664
 1300    239.06378    239.07396
 1310    238.96319    238.97318
 1320    238.86453    238.87432
 1330    238.76785    238.77744
 1340    238.67320    238.68258
 1350    238.58061    238.58979
 1360    238.49014    238.49910
 1370    238.40182    238.41057
 1380    238.31585    238.32430
 1390    238.24465    238.24978
 1400    238.19877    238.20322
 1410    238.15491    238.15925
 1420    238.11212    238.11635
 1430    238.07039    238.07452
 1440    238.02971    238.03373
 1450    237.99006    237.99398
 1460    237.95144    237.95526
 1470    237.91383    237.91754
 1480    237.87721    237.88082
 1490    237.84157    237.84509
 1500    237.80690    237.81033
 1510    237.77319    237.77652
 1520    237.74041    237.74364
 1530    237.70855    237.71170
 1540    237.67760    237.68065
 1550    237.64753    237.65050
 1560    237.61834    237.62122
 1570    237.59000    237.59279
 1580    237.56249    237.56521
 1590    237.53581    237.53844
 1600    237.50991    237.51247
 1610    237.48480    237.48728
 1620    237.46046    237.46286
 1630    237.43685    237.43918
 1640    237.41397    237.41622
 1650    237.39179    237.39398
 1660    237.37030    237.37242
 1670    237.34947    237.35153
 1680    237.32930    237.33128
 1690    237.30975    237.31168
 1700    237.29081    237.29268
 1710    237.27247    237.27427
 1720    237.25469    237.25644
 1730    237.23747    237.23917
 1740    237.22079    237.22243
 1750    237.20462    237.20621
 1760    237.18895    237.19049
 1770    237.17377    237.17526
 1780    237.15905    237.16050
 1790    237.14478    237.14618
 1800    237.13094    237.13230
 1810    237.11752    237.11884
 1820    237.10450    237.10578
 1830    237.09186    237.09310
 1840    237.07959    237.08080
 1850    237.06768    237.06885
 1860    237.05610    237.05724
 1870    237.04485    237.04596
 1880    237.03391    237.03499
 1890    237.02327    237.02432
 1900    237.01292    237.01394
 1910    237.00283    237.00383
 1920    236.99301    236.99398
 1930    236.98343    236.98438
 1940    236.97410    236.97502
 1950    236.96499    236.96589
 1960    236.95609    236.95697
 1970    236.94740    236.94825
 1980    236.93890    236.93974
 1990    236.93058    236.93140
 2000    236.92243    236.92324
 2010    236.91445    236.91524
 2020    236.90662    236.90739
 2030    236.89893    236.89969
 2040    236.89138    236.89213
 2050    236.88395    236.88469
 2060    236.87664    236.87736
 2070    236.86943    236.87015
 2080    236.86232    236.86303
 2090    236.85530    236.85600
 2100    236.84836    236.84905
 2110    236.84149    236.84218
 2120    236.83469    236.83536
 2130    236.82793    236.82860
 2140    236.82122    236.82189
 2150    236.81455    236.81521
 2160    236.80790    236.80856
 2170    236.80127    236.80193
 2180    236.79466    236.79532
 2190    236.78803    236.78870
 2200    236.78139    236.78206
 2210    236.77472    236.77538
 2220    236.76799    236.76867
 2230    236.76121    236.76189
 2240    236.75435    236.75504
 2250    236.74740    236.74810
 2260    236.74033    236.74104
 2270    236.73312    236.73385
 2280    236.72576    236.72650
 2290    236.71823    236.71899
 2300    236.71049    236.71127
 2310    236.70248    236.70329
 2320    236.69419    236.69503
 2330    236.68554    236.68642
 2340    236.67645    236.67738
 2350    236.66682    236.66781
 2360    236.65654    236.65759
 2370    236.64548    236.64662
 2380    236.63349    236.63472
 2390    236.62031    236.62167
 2400    236.61007    236.61055
 2410    236.60566    236.60611
 2420    236.60113    236.60159
 2430    236.59644    236.59692
 2440    236.59159    236.59209
 2450    236.58655    236.58706
 2460    236.58124    236.58178
 2470    236.57561    236.57619
 2480    236.56962    236.57023
 2490    236.56319    236.56385
 2500    236.55622    236.55694
 2510    236.54865    236.54943
 2520    236.54017    236.54106
 2530    236.53041    236.53144
 2540    236.52180    236.52210
 2550    236.51914    236.51941
 2560    236.51640    236.51668
 2570    236.51355    236.51384
 2580    236.51058    236.51088
 2590    236.50745    236.50777
 2600    236.50414    236.50448
 2610    236.50061    236.50097
 2620    236.49681    236.49720
 2630    236.49268    236.49311
 2640    236.48812    236.48860
 2650    236.48298    236.48352
 2660    236.47716    236.47777
 2670    236.47044    236.47115
 2680    236.46757    236.46776
 2690    236.46561    236.46581
 2700    236.46357    236.46377
 2710    236.46139    236.46161
 2720    236.45907    236.45931
 2730    236.45654    236.45680
 2740    236.45376    236.45404
 2750    236.45064    236.45096
 2760    236.44709    236.44747
 2770    236.44305    236.44348
 2780    236.43818    236.43871
 2790    236.43309    236.43332
 2800    236.43165    236.43179
 2810    236.43014    236.43030
 2820    236.42854    236.42871
 2830    236.42681    236.42699
 2840    236.42490    236.42510
 2850    236.42276    236.42299
 2860    236.42030    236.42056
 2870    236.41742    236.41772
 2880    236.41389    236.41427
 2890    236.40945    236.40994
 2900    236.40656    236.40667
 2910    236.40547    236.40558
 2920    236.40432    236.40443
 2930    236.40307    236.40319
 2940    236.40170    236.40184
 2950    236.40016    236.40032
 2960    236.39838    236.39857
 2970    236.39627    236.39650
 2980    236.39365    236.39394
 2990    236.39132    236.39143
 3000    236.39029    236.39039
 3010    236.38915    236.38927
 3020    236.38787    236.38800
 3030    236.38638    236.38654
 3040    236.38460    236.38480
 3050    236.38239    236.38263
 3060    236.38020    236.38031
 3070    236.37938    236.37946
 3080    236.37850    236.37859
 3090    236.37752    236.37762
 3100    236.37641    236.37652
 3110    236.37510    236.37524
 3120    236.37350    236.37368
 3130    236.37145    236.37168
 3140    236.36862    236.36894
 3150    236.36530    236.36537
 3160    236.36467    236.36473
 3170    236.36399    236.36406
 3180    236.36325    236.36333
 3190    236.36241    236.36250
 3200    236.36142    236.36153
 3210    236.36021    236.36034
 3220    236.35864    236.35882
 3230    236.35642    236.35668
 3240    236.35360    236.35369
 3250    236.35311    236.35316
 3260    236.35259    236.35265
 3270    236.35203    236.35209
 3280    236.35140    236.35146
 3290    236.35066    236.35074
 3300    236.34977    236.34987
 3310    236.34864    236.34876
 3320    236.34707    236.34725
 3330    236.34469    236.34497
 3340    236.34375    236.34379
 3350    236.34329    236.34334
 3360    236.34278    236.34284
 3370    236.34220    236.34226
 3380    236.34149    236.34156
 3390    236.34059    236.34069
 3400    236.33936    236.33950
 3410    236.33743    236.33767
 3420    236.33524    236.33529
 3430    236.33486    236.33490
 3440    236.33452    236.33455
 3450    236.33419    236.33422
 3460    236.33387    236.33391
 3470    236.33356    236.33359
 3480    236.33323    236.33326
 3490    236.33287    236.33291
 3500    236.33248    236.33253
 3510    236.33203    236.33208
 3520    236.33149    236.33155
 3530    236.33079    236.33087
 3540    236.32981    236.32993
 3550    236.32821    236.32841
 3560    236.32708    236.32711
 3570    236.32677    236.32680
 3580    236.32644    236.32647
 3590    236.32608    236.32612
 3600    236.32566    236.32571
 3610    236.32512    236.32518
 3620    236.32439    236.32447
 3630    236.32322    236.32336
 3640    236.32140    236.32146
    STEEPEST DESCENT HAS CONVERGED
1 molecule converted
